build/app/intermediates/manifest_merge_blame_file/release/manifest-merger-blame-release-report.txt
1<?xml version="1.0" encoding="utf-8"?>
2<manifest xmlns:android="http://schemas.android.com/apk/res/android"
3    package="com.gurukitchenam.driver"
4    android:versionCode="3"
5    android:versionName="1.0.0" >
6
7    <uses-sdk
8        android:minSdkVersion="17"
8-->src/main/AndroidManifest.xml
9        android:targetSdkVersion="29" />
9-->src/main/AndroidManifest.xml
10
11    <uses-permission android:name="android.permission.INTERNET" />
11-->src/main/AndroidManifest.xml:4:5-66
11-->src/main/AndroidManifest.xml:4:22-64
12    <uses-permission android:name="android.permission.ACCESS_FINE_LOCATION" />
12-->src/main/AndroidManifest.xml:5:5-78
12-->src/main/AndroidManifest.xml:5:22-76
13    <uses-permission android:name="android.permission.ACCESS_COARSE_LOCATION" />
13-->src/main/AndroidManifest.xml:6:5-80
13-->src/main/AndroidManifest.xml:6:22-78
14    <uses-permission android:name="android.permission.ACCESS_NETWORK_STATE" />
14-->[com.google.firebase:firebase-iid:20.0.1] AndroidManifest.xml:22:5-79
14-->[com.google.firebase:firebase-iid:20.0.1] AndroidManifest.xml:22:22-76
15    <uses-permission android:name="android.permission.WAKE_LOCK" /> <!-- Required by older versions of Google Play services to create IID tokens -->
15-->[com.google.firebase:firebase-iid:20.0.1] AndroidManifest.xml:24:5-68
15-->[com.google.firebase:firebase-iid:20.0.1] AndroidManifest.xml:24:22-65
16    <uses-permission android:name="com.google.android.c2dm.permission.RECEIVE" />
16-->[com.google.firebase:firebase-iid:20.0.1] AndroidManifest.xml:26:5-82
16-->[com.google.firebase:firebase-iid:20.0.1] AndroidManifest.xml:26:22-79
17
18    <uses-feature
18-->[com.google.android.gms:play-services-maps:17.0.0] AndroidManifest.xml:26:5-28:35
19        android:glEsVersion="0x00020000"
19-->[com.google.android.gms:play-services-maps:17.0.0] AndroidManifest.xml:27:9-41
20        android:required="true" />
20-->[com.google.android.gms:play-services-maps:17.0.0] AndroidManifest.xml:28:9-32
21    <!--
22 io.flutter.app.FlutterApplication is an android.app.Application that
23         calls FlutterMain.startInitialization(this); in its onCreate method.
24         In most cases you can leave this as-is, but you if you want to provide
25         additional functionality it is fine to subclass or reimplement
26         FlutterApplication and put your custom class here.
27    -->
28    <application
28-->src/main/AndroidManifest.xml:13:5-51:19
29        android:name="com.gurukitchenam.driver.Application"
29-->src/main/AndroidManifest.xml:14:9-36
30        android:appComponentFactory="androidx.core.app.CoreComponentFactory"
30-->[androidx.core:core:1.1.0] AndroidManifest.xml:24:18-86
31        android:icon="@mipmap/ic_launcher"
31-->src/main/AndroidManifest.xml:16:9-43
32        android:label="GuruKitchen Driver" >
32-->src/main/AndroidManifest.xml:15:9-43
33        <meta-data
33-->src/main/AndroidManifest.xml:18:9-19:77
34            android:name="com.google.android.geo.API_KEY"
34-->src/main/AndroidManifest.xml:18:20-65
35            android:value="AIzaSyDZtTGknhtNRwH2WIYQLf78O94TV3NUy24" />
35-->src/main/AndroidManifest.xml:19:20-75
36        <meta-data
36-->src/main/AndroidManifest.xml:20:9-22:62
37            android:name="com.google.firebase.messaging.default_notification_icon"
37-->src/main/AndroidManifest.xml:21:17-87
38            android:resource="@mipmap/ic_notification" />
38-->src/main/AndroidManifest.xml:22:17-59
39
40        <activity
40-->src/main/AndroidManifest.xml:23:9-45:20
41            android:name="com.gurukitchenam.driver.MainActivity"
41-->src/main/AndroidManifest.xml:24:13-41
42            android:configChanges="orientation|keyboardHidden|keyboard|screenSize|smallestScreenSize|locale|layoutDirection|fontScale|screenLayout|density|uiMode"
42-->src/main/AndroidManifest.xml:27:13-163
43            android:hardwareAccelerated="true"
43-->src/main/AndroidManifest.xml:28:13-47
44            android:launchMode="singleTop"
44-->src/main/AndroidManifest.xml:25:13-43
45            android:theme="@style/LaunchTheme"
45-->src/main/AndroidManifest.xml:26:13-47
46            android:windowSoftInputMode="adjustResize" >
46-->src/main/AndroidManifest.xml:29:13-55
47
48            <!--
49                 This keeps the window background of the activity showing
50                 until Flutter renders its first frame. It can be removed if
51                 there is no splash screen (such as the default splash screen
52                 defined in @style/LaunchTheme).
53            -->
54            <meta-data
54-->src/main/AndroidManifest.xml:34:13-36:40
55                android:name="io.flutter.app.android.SplashScreenUntilFirstFrame"
55-->src/main/AndroidManifest.xml:35:17-82
56                android:value="true" />
56-->src/main/AndroidManifest.xml:36:17-37
57
58            <intent-filter>
58-->src/main/AndroidManifest.xml:37:13-40:29
59                <action android:name="android.intent.action.MAIN" />
59-->src/main/AndroidManifest.xml:38:17-68
59-->src/main/AndroidManifest.xml:38:25-66
60
61                <category android:name="android.intent.category.LAUNCHER" />
61-->src/main/AndroidManifest.xml:39:17-76
61-->src/main/AndroidManifest.xml:39:27-74
62            </intent-filter>
63            <intent-filter>
63-->src/main/AndroidManifest.xml:41:13-44:29
64                <action android:name="FLUTTER_NOTIFICATION_CLICK" />
64-->src/main/AndroidManifest.xml:42:17-69
64-->src/main/AndroidManifest.xml:42:25-66
65
66                <category android:name="android.intent.category.DEFAULT" />
66-->src/main/AndroidManifest.xml:43:17-76
66-->src/main/AndroidManifest.xml:43:27-73
67            </intent-filter>
68        </activity>
69        <!--
70             Don't delete the meta-data below.
71             This is used by the Flutter tool to generate GeneratedPluginRegistrant.java
72        -->
73        <meta-data
73-->src/main/AndroidManifest.xml:48:9-50:33
74            android:name="flutterEmbedding"
74-->src/main/AndroidManifest.xml:49:13-44
75            android:value="2" />
75-->src/main/AndroidManifest.xml:50:13-30
76
77        <service android:name="io.flutter.plugins.firebasemessaging.FlutterFirebaseMessagingService" >
77-->[:firebase_messaging] AndroidManifest.xml:8:9-12:19
77-->[:firebase_messaging] AndroidManifest.xml:8:18-101
78            <intent-filter>
78-->[:firebase_messaging] AndroidManifest.xml:9:13-11:29
79                <action android:name="com.google.firebase.MESSAGING_EVENT" />
79-->[:firebase_messaging] AndroidManifest.xml:10:17-78
79-->[:firebase_messaging] AndroidManifest.xml:10:25-75
80            </intent-filter>
81        </service>
82        <service
82-->[:firebase_messaging] AndroidManifest.xml:13:9-17:19
83            android:name="com.google.firebase.components.ComponentDiscoveryService"
83-->[:firebase_messaging] AndroidManifest.xml:13:18-89
84            android:directBootAware="true"
84-->[com.google.firebase:firebase-common:19.2.0] AndroidManifest.xml:15:13-43
85            android:exported="false" >
85-->[com.google.firebase:firebase-iid:20.0.1] AndroidManifest.xml:31:13-37
86            <meta-data
86-->[:firebase_messaging] AndroidManifest.xml:14:13-16:85
87                android:name="com.google.firebase.components:io.flutter.plugins.firebasemessaging.FlutterFirebaseAppRegistrar"
87-->[:firebase_messaging] AndroidManifest.xml:15:17-127
88                android:value="com.google.firebase.components.ComponentRegistrar" />
88-->[:firebase_messaging] AndroidManifest.xml:16:17-82
89            <meta-data
89-->[com.google.firebase:firebase-iid:20.0.1] AndroidManifest.xml:32:13-34:85
90                android:name="com.google.firebase.components:com.google.firebase.iid.Registrar"
90-->[com.google.firebase:firebase-iid:20.0.1] AndroidManifest.xml:33:17-96
91                android:value="com.google.firebase.components.ComponentRegistrar" />
91-->[com.google.firebase:firebase-iid:20.0.1] AndroidManifest.xml:34:17-82
92        </service>
93        <!--
94             FirebaseMessagingService performs security checks at runtime,
95             but set to not exported to explicitly avoid allowing another app to call it.
96        -->
97        <service
97-->[com.google.firebase:firebase-messaging:20.0.1] AndroidManifest.xml:28:9-34:19
98            android:name="com.google.firebase.messaging.FirebaseMessagingService"
98-->[com.google.firebase:firebase-messaging:20.0.1] AndroidManifest.xml:29:13-82
99            android:exported="false" >
99-->[com.google.firebase:firebase-messaging:20.0.1] AndroidManifest.xml:30:13-37
100            <intent-filter android:priority="-500" >
100-->[:firebase_messaging] AndroidManifest.xml:9:13-11:29
101                <action android:name="com.google.firebase.MESSAGING_EVENT" />
101-->[:firebase_messaging] AndroidManifest.xml:10:17-78
101-->[:firebase_messaging] AndroidManifest.xml:10:25-75
102            </intent-filter>
103        </service>
104
105        <receiver
105-->[com.google.firebase:firebase-iid:20.0.1] AndroidManifest.xml:37:9-44:20
106            android:name="com.google.firebase.iid.FirebaseInstanceIdReceiver"
106-->[com.google.firebase:firebase-iid:20.0.1] AndroidManifest.xml:38:13-78
107            android:exported="true"
107-->[com.google.firebase:firebase-iid:20.0.1] AndroidManifest.xml:39:13-36
108            android:permission="com.google.android.c2dm.permission.SEND" >
108-->[com.google.firebase:firebase-iid:20.0.1] AndroidManifest.xml:40:13-73
109            <intent-filter>
109-->[com.google.firebase:firebase-iid:20.0.1] AndroidManifest.xml:41:13-43:29
110                <action android:name="com.google.android.c2dm.intent.RECEIVE" />
110-->[com.google.firebase:firebase-iid:20.0.1] AndroidManifest.xml:42:17-81
110-->[com.google.firebase:firebase-iid:20.0.1] AndroidManifest.xml:42:25-78
111            </intent-filter>
112        </receiver>
113
114        <activity
114-->[:url_launcher] AndroidManifest.xml:8:9-11:74
115            android:name="io.flutter.plugins.urllauncher.WebViewActivity"
115-->[:url_launcher] AndroidManifest.xml:9:13-74
116            android:exported="false"
116-->[:url_launcher] AndroidManifest.xml:10:13-37
117            android:theme="@android:style/Theme.NoTitleBar.Fullscreen" />
117-->[:url_launcher] AndroidManifest.xml:11:13-71
118
119        <provider
119-->[com.google.firebase:firebase-common:19.2.0] AndroidManifest.xml:19:9-23:39
120            android:name="com.google.firebase.provider.FirebaseInitProvider"
120-->[com.google.firebase:firebase-common:19.2.0] AndroidManifest.xml:20:13-77
121            android:authorities="com.gurukitchenam.driver.firebaseinitprovider"
121-->[com.google.firebase:firebase-common:19.2.0] AndroidManifest.xml:21:13-72
122            android:exported="false"
122-->[com.google.firebase:firebase-common:19.2.0] AndroidManifest.xml:22:13-37
123            android:initOrder="100" /> <!-- Needs to be explicitly declared on P+ -->
123-->[com.google.firebase:firebase-common:19.2.0] AndroidManifest.xml:23:13-36
124        <uses-library
124-->[com.google.android.gms:play-services-maps:17.0.0] AndroidManifest.xml:33:9-35:40
125            android:name="org.apache.http.legacy"
125-->[com.google.android.gms:play-services-maps:17.0.0] AndroidManifest.xml:34:13-50
126            android:required="false" />
126-->[com.google.android.gms:play-services-maps:17.0.0] AndroidManifest.xml:35:13-37
127
128        <activity
128-->[com.google.android.gms:play-services-base:17.0.0] AndroidManifest.xml:23:9-26:75
129            android:name="com.google.android.gms.common.api.GoogleApiActivity"
129-->[com.google.android.gms:play-services-base:17.0.0] AndroidManifest.xml:24:13-79
130            android:exported="false"
130-->[com.google.android.gms:play-services-base:17.0.0] AndroidManifest.xml:25:13-37
131            android:theme="@android:style/Theme.Translucent.NoTitleBar" />
131-->[com.google.android.gms:play-services-base:17.0.0] AndroidManifest.xml:26:13-72
132
133        <meta-data
133-->[com.google.android.gms:play-services-basement:17.0.0] AndroidManifest.xml:23:9-25:69
134            android:name="com.google.android.gms.version"
134-->[com.google.android.gms:play-services-basement:17.0.0] AndroidManifest.xml:24:13-58
135            android:value="@integer/google_play_services_version" />
135-->[com.google.android.gms:play-services-basement:17.0.0] AndroidManifest.xml:25:13-66
136    </application>
137
138</manifest>